0 info it worked if it ends with ok
1 verbose cli [ 'C:\\Program Files\\nodejs\\node.exe',
1 verbose cli   'C:\\Program Files\\nodejs\\node_modules\\npm\\bin\\npm-cli.js',
1 verbose cli   'run',
1 verbose cli   'lite' ]
2 info using npm@3.8.6
3 info using node@v6.1.0
4 verbose run-script [ 'prelite', 'lite', 'postlite' ]
5 info lifecycle webking@0.1.0~prelite: webking@0.1.0
6 silly lifecycle webking@0.1.0~prelite: no script for prelite, continuing
7 info lifecycle webking@0.1.0~lite: webking@0.1.0
8 verbose lifecycle webking@0.1.0~lite: unsafe-perm in lifecycle true
9 verbose lifecycle webking@0.1.0~lite: PATH: C:\Program Files\nodejs\node_modules\npm\bin\node-gyp-bin;C:\inetpub\wwwroot\wbkng\node_modules\.bin;C:\Program Files\nodejs;C:\Program Files\nodejs\node_modules\npm\bin\node-gyp-bin;C:\inetpub\wwwroot\wbkng\node_modules\.bin;C:\Program Files\nodejs;C:\Users\Developer_D\AppData\Roaming\npm;C:\Program Files\nodejs\;C:\Program Files (x86)\NVIDIA Corporation\PhysX\Common;C:\Program Files (x86)\PHP\v5.6;C:\Windows\system32\inetsrv;C:\Program Files (x86)\iis express\PHP\v5.6;C:\ProgramData\Oracle\Java\javapath;C:\Windows\system32;C:\Windows;C:\Windows\System32\Wbem;C:\Windows\System32\WindowsPowerShell\v1.0\;C:\Program Files (x86)\AMD\ATI.ACE\Core-Static;C:\Program Files (x86)\tidy;C:\Program Files\php;C:\Users\Developer_D\AppData\Roaming\npm;C:\Program Files (x86)\Microsoft VS Code\bin;;C:\WINDOWS\system32;C:\WINDOWS;C:\WINDOWS\System32\Wbem;C:\WINDOWS\System32\WindowsPowerShell\v1.0\;C:\Program Files (x86)\ATI Technologies\ATI.ACE\Core-Static;C:\Program Files (x86)\MySQL\MySQL Utilities\;C:\Program Files (x86)\MySQL\MySQL Utilities\Doctrine extensions for PHP\;C:\Program Files\nodejs\;C:\Ruby23-x64\bin;C:\Program Files (x86)\Microsoft VS Code\bin;C:\Users\Developer_D\AppData\Roaming\npm;C:\Users\Developer_D\AppData\Local\Microsoft\WindowsApps
10 verbose lifecycle webking@0.1.0~lite: CWD: C:\inetpub\wwwroot\wbkng
11 silly lifecycle webking@0.1.0~lite: Args: [ '/d /s /c', 'lite-server' ]
12 silly lifecycle webking@0.1.0~lite: Returned: code: 1  signal: null
13 info lifecycle webking@0.1.0~lite: Failed to exec lite script
14 verbose stack Error: webking@0.1.0 lite: `lite-server`
14 verbose stack Exit status 1
14 verbose stack     at EventEmitter.<anonymous> (C:\Program Files\nodejs\node_modules\npm\lib\utils\lifecycle.js:239:16)
14 verbose stack     at emitTwo (events.js:106:13)
14 verbose stack     at EventEmitter.emit (events.js:191:7)
14 verbose stack     at ChildProcess.<anonymous> (C:\Program Files\nodejs\node_modules\npm\lib\utils\spawn.js:24:14)
14 verbose stack     at emitTwo (events.js:106:13)
14 verbose stack     at ChildProcess.emit (events.js:191:7)
14 verbose stack     at maybeClose (internal/child_process.js:850:16)
14 verbose stack     at Process.ChildProcess._handle.onexit (internal/child_process.js:215:5)
15 verbose pkgid webking@0.1.0
16 verbose cwd C:\inetpub\wwwroot\wbkng
17 error Windows_NT 10.0.14393
18 error argv "C:\\Program Files\\nodejs\\node.exe" "C:\\Program Files\\nodejs\\node_modules\\npm\\bin\\npm-cli.js" "run" "lite"
19 error node v6.1.0
20 error npm  v3.8.6
21 error code ELIFECYCLE
22 error webking@0.1.0 lite: `lite-server`
22 error Exit status 1
23 error Failed at the webking@0.1.0 lite script 'lite-server'.
23 error Make sure you have the latest version of node.js and npm installed.
23 error If you do, this is most likely a problem with the webking package,
23 error not with npm itself.
23 error Tell the author that this fails on your system:
23 error     lite-server
23 error You can get information on how to open an issue for this project with:
23 error     npm bugs webking
23 error Or if that isn't available, you can get their info via:
23 error     npm owner ls webking
23 error There is likely additional logging output above.
24 verbose exit [ 1, true ]
